#! /usr/local/Cellar/icarus-verilog/12.0/bin/vvp
:ivl_version "12.0 (stable)";
:ivl_delay_selection "TYPICAL";
:vpi_time_precision - 12;
:vpi_module "/usr/local/Cellar/icarus-verilog/12.0/lib/ivl/system.vpi";
:vpi_module "/usr/local/Cellar/icarus-verilog/12.0/lib/ivl/vhdl_sys.vpi";
:vpi_module "/usr/local/Cellar/icarus-verilog/12.0/lib/ivl/vhdl_textio.vpi";
:vpi_module "/usr/local/Cellar/icarus-verilog/12.0/lib/ivl/v2005_math.vpi";
:vpi_module "/usr/local/Cellar/icarus-verilog/12.0/lib/ivl/va_math.vpi";
:vpi_module "/usr/local/Cellar/icarus-verilog/12.0/lib/ivl/v2009.vpi";
S_0x7fa34480e620 .scope package, "$unit" "$unit" 2 1;
 .timescale 0 0;
P_0x7fa34500f800 .param/l "AluOp_ADD" 1 3 9, C4<00000000000000000000000000000000>;
P_0x7fa34500f840 .param/l "AluOp_AND" 1 3 11, C4<00000000000000000000000000000010>;
P_0x7fa34500f880 .param/l "AluOp_DIV" 1 3 18, C4<00000000000000000000000000001001>;
P_0x7fa34500f8c0 .param/l "AluOp_MUL" 1 3 17, C4<00000000000000000000000000001000>;
P_0x7fa34500f900 .param/l "AluOp_OR" 1 3 12, C4<00000000000000000000000000000011>;
P_0x7fa34500f940 .param/l "AluOp_SLL" 1 3 14, C4<00000000000000000000000000000101>;
P_0x7fa34500f980 .param/l "AluOp_SLTI" 1 3 19, C4<00000000000000000000000000001010>;
P_0x7fa34500f9c0 .param/l "AluOp_SRA" 1 3 16, C4<00000000000000000000000000000111>;
P_0x7fa34500fa00 .param/l "AluOp_SRL" 1 3 15, C4<00000000000000000000000000000110>;
P_0x7fa34500fa40 .param/l "AluOp_SUB" 1 3 10, C4<00000000000000000000000000000001>;
P_0x7fa34500fa80 .param/l "AluOp_XOR" 1 3 13, C4<00000000000000000000000000000100>;
P_0x7fa34500fac0 .param/l "InstFormat_I" 1 3 3, C4<001>;
P_0x7fa34500fb00 .param/l "InstFormat_R" 1 3 2, C4<000>;
P_0x7fa34500fb40 .param/l "InstFormat_S" 1 3 4, C4<010>;
P_0x7fa34500fb80 .param/l "InstFormat_SB" 1 3 5, C4<011>;
P_0x7fa34500fbc0 .param/l "InstFormat_U" 1 3 6, C4<100>;
P_0x7fa34500fc00 .param/l "InstFormat_UJ" 1 3 7, C4<101>;
S_0x7fa34480ec00 .scope module, "immgen_tb" "immgen_tb" 4 3;
 .timescale -9 -12;
v0x7fa34481f860_0 .net "Imm", 31 0, v0x7fa34480f5e0_0;  1 drivers
v0x7fa34481f910_0 .var "Inst", 31 0;
v0x7fa34481f9c0_0 .var "InstFormat", 2 0;
S_0x7fa34480ed80 .scope module, "uut" "ImmGen" 4 10, 5 1 0, S_0x7fa34480ec00;
 .timescale 0 0;
    .port_info 0 /INPUT 3 "InstFormat";
    .port_info 1 /INPUT 32 "Inst";
    .port_info 2 /OUTPUT 32 "Imm";
P_0x7fa34500fe00 .param/l "AluOp_ADD" 1 6 9, C4<00000000000000000000000000000000>;
P_0x7fa34500fe40 .param/l "AluOp_AND" 1 6 11, C4<00000000000000000000000000000010>;
P_0x7fa34500fe80 .param/l "AluOp_DIV" 1 6 18, C4<00000000000000000000000000001001>;
P_0x7fa34500fec0 .param/l "AluOp_MUL" 1 6 17, C4<00000000000000000000000000001000>;
P_0x7fa34500ff00 .param/l "AluOp_OR" 1 6 12, C4<00000000000000000000000000000011>;
P_0x7fa34500ff40 .param/l "AluOp_SLL" 1 6 14, C4<00000000000000000000000000000101>;
P_0x7fa34500ff80 .param/l "AluOp_SLTI" 1 6 19, C4<00000000000000000000000000001010>;
P_0x7fa34500ffc0 .param/l "AluOp_SRA" 1 6 16, C4<00000000000000000000000000000111>;
P_0x7fa345010000 .param/l "AluOp_SRL" 1 6 15, C4<00000000000000000000000000000110>;
P_0x7fa345010040 .param/l "AluOp_SUB" 1 6 10, C4<00000000000000000000000000000001>;
P_0x7fa345010080 .param/l "AluOp_XOR" 1 6 13, C4<00000000000000000000000000000100>;
P_0x7fa3450100c0 .param/l "InstFormat_I" 1 6 3, C4<001>;
P_0x7fa345010100 .param/l "InstFormat_R" 1 6 2, C4<000>;
P_0x7fa345010140 .param/l "InstFormat_S" 1 6 4, C4<010>;
P_0x7fa345010180 .param/l "InstFormat_SB" 1 6 5, C4<011>;
P_0x7fa3450101c0 .param/l "InstFormat_U" 1 6 6, C4<100>;
P_0x7fa345010200 .param/l "InstFormat_UJ" 1 6 7, C4<101>;
v0x7fa34480f5e0_0 .var "Imm", 31 0;
v0x7fa34481f6a0_0 .net "Inst", 31 0, v0x7fa34481f910_0;  1 drivers
v0x7fa34481f750_0 .net "InstFormat", 2 0, v0x7fa34481f9c0_0;  1 drivers
E_0x7fa34480f590 .event anyedge, v0x7fa34481f750_0, v0x7fa34481f6a0_0;
    .scope S_0x7fa34480ed80;
T_0 ;
    %wait E_0x7fa34480f590;
    %load/vec4 v0x7fa34481f750_0;
    %dup/vec4;
    %pushi/vec4 1, 0, 3;
    %cmp/u;
    %jmp/1 T_0.0, 6;
    %dup/vec4;
    %pushi/vec4 2, 0, 3;
    %cmp/u;
    %jmp/1 T_0.1, 6;
    %dup/vec4;
    %pushi/vec4 3, 0, 3;
    %cmp/u;
    %jmp/1 T_0.2, 6;
    %dup/vec4;
    %pushi/vec4 4, 0, 3;
    %cmp/u;
    %jmp/1 T_0.3, 6;
    %dup/vec4;
    %pushi/vec4 5, 0, 3;
    %cmp/u;
    %jmp/1 T_0.4, 6;
    %pushi/vec4 0, 0, 32;
    %store/vec4 v0x7fa34480f5e0_0, 0, 32;
    %jmp T_0.6;
T_0.0 ;
    %load/vec4 v0x7fa34481f6a0_0;
    %parti/s 3, 12, 5;
    %cmpi/e 1, 0, 3;
    %jmp/1 T_0.9, 4;
    %flag_mov 8, 4;
    %load/vec4 v0x7fa34481f6a0_0;
    %parti/s 3, 12, 5;
    %cmpi/e 5, 0, 3;
    %flag_or 4, 8;
T_0.9;
    %jmp/0xz  T_0.7, 4;
    %pushi/vec4 0, 0, 27;
    %load/vec4 v0x7fa34481f6a0_0;
    %parti/s 5, 20, 6;
    %concat/vec4; draw_concat_vec4
    %store/vec4 v0x7fa34480f5e0_0, 0, 32;
    %jmp T_0.8;
T_0.7 ;
    %load/vec4 v0x7fa34481f6a0_0;
    %parti/s 1, 31, 6;
    %replicate 20;
    %load/vec4 v0x7fa34481f6a0_0;
    %parti/s 12, 20, 6;
    %concat/vec4; draw_concat_vec4
    %store/vec4 v0x7fa34480f5e0_0, 0, 32;
T_0.8 ;
    %jmp T_0.6;
T_0.1 ;
    %load/vec4 v0x7fa34481f6a0_0;
    %parti/s 1, 31, 6;
    %replicate 20;
    %load/vec4 v0x7fa34481f6a0_0;
    %parti/s 7, 25, 6;
    %concat/vec4; draw_concat_vec4
    %load/vec4 v0x7fa34481f6a0_0;
    %parti/s 5, 7, 4;
    %concat/vec4; draw_concat_vec4
    %store/vec4 v0x7fa34480f5e0_0, 0, 32;
    %jmp T_0.6;
T_0.2 ;
    %load/vec4 v0x7fa34481f6a0_0;
    %parti/s 1, 31, 6;
    %replicate 19;
    %load/vec4 v0x7fa34481f6a0_0;
    %parti/s 1, 31, 6;
    %concat/vec4; draw_concat_vec4
    %load/vec4 v0x7fa34481f6a0_0;
    %parti/s 1, 7, 4;
    %concat/vec4; draw_concat_vec4
    %load/vec4 v0x7fa34481f6a0_0;
    %parti/s 6, 25, 6;
    %concat/vec4; draw_concat_vec4
    %load/vec4 v0x7fa34481f6a0_0;
    %parti/s 4, 8, 5;
    %concat/vec4; draw_concat_vec4
    %concati/vec4 0, 0, 1;
    %store/vec4 v0x7fa34480f5e0_0, 0, 32;
    %jmp T_0.6;
T_0.3 ;
    %load/vec4 v0x7fa34481f6a0_0;
    %parti/s 20, 12, 5;
    %concati/vec4 0, 0, 12;
    %store/vec4 v0x7fa34480f5e0_0, 0, 32;
    %jmp T_0.6;
T_0.4 ;
    %load/vec4 v0x7fa34481f6a0_0;
    %parti/s 1, 31, 6;
    %replicate 11;
    %load/vec4 v0x7fa34481f6a0_0;
    %parti/s 1, 31, 6;
    %concat/vec4; draw_concat_vec4
    %load/vec4 v0x7fa34481f6a0_0;
    %parti/s 1, 20, 6;
    %concat/vec4; draw_concat_vec4
    %load/vec4 v0x7fa34481f6a0_0;
    %parti/s 10, 21, 6;
    %concat/vec4; draw_concat_vec4
    %load/vec4 v0x7fa34481f6a0_0;
    %parti/s 8, 12, 5;
    %concat/vec4; draw_concat_vec4
    %pad/u 32;
    %store/vec4 v0x7fa34480f5e0_0, 0, 32;
    %jmp T_0.6;
T_0.6 ;
    %pop/vec4 1;
    %jmp T_0;
    .thread T_0, $push;
    .scope S_0x7fa34480ec00;
T_1 ;
    %vpi_call/w 4 17 "$dumpfile", "out/immgen_tb.vcd" {0 0 0};
    %vpi_call/w 4 18 "$dumpvars", 32'sb00000000000000000000000000000000, S_0x7fa34480ec00 {0 0 0};
    %pushi/vec4 1, 0, 3;
    %store/vec4 v0x7fa34481f9c0_0, 0, 3;
    %pushi/vec4 1081491, 0, 32;
    %store/vec4 v0x7fa34481f910_0, 0, 32;
    %delay 10000, 0;
    %load/vec4 v0x7fa34481f860_0;
    %cmpi/e 1, 0, 32;
    %jmp/0xz  T_1.0, 4;
    %jmp T_1.1;
T_1.0 ;
    %vpi_call/w 4 24 "$error", "I-Type Test Failed: Expected Imm = 1, Got Imm = %d", v0x7fa34481f860_0 {0 0 0};
T_1.1 ;
    %pushi/vec4 2, 0, 3;
    %store/vec4 v0x7fa34481f9c0_0, 0, 3;
    %pushi/vec4 1081507, 0, 32;
    %store/vec4 v0x7fa34481f910_0, 0, 32;
    %delay 10000, 0;
    %load/vec4 v0x7fa34481f860_0;
    %cmpi/e 1, 0, 32;
    %jmp/0xz  T_1.2, 4;
    %jmp T_1.3;
T_1.2 ;
    %vpi_call/w 4 30 "$error", "S-Type Test Failed: Expected Imm = 1, Got Imm = %d", v0x7fa34481f860_0 {0 0 0};
T_1.3 ;
    %pushi/vec4 3, 0, 3;
    %store/vec4 v0x7fa34481f9c0_0, 0, 3;
    %pushi/vec4 1082127, 0, 32;
    %store/vec4 v0x7fa34481f910_0, 0, 32;
    %delay 10000, 0;
    %load/vec4 v0x7fa34481f860_0;
    %cmpi/e 6, 0, 32;
    %jmp/0xz  T_1.4, 4;
    %jmp T_1.5;
T_1.4 ;
    %vpi_call/w 4 37 "$error", "SB-Type Test Failed: Expected Imm = %h, Got Imm = %h", 32'b00000000000000000000000000000110, v0x7fa34481f860_0 {0 0 0};
T_1.5 ;
    %pushi/vec4 4, 0, 3;
    %store/vec4 v0x7fa34481f9c0_0, 0, 3;
    %pushi/vec4 4279, 0, 32;
    %store/vec4 v0x7fa34481f910_0, 0, 32;
    %delay 10000, 0;
    %load/vec4 v0x7fa34481f860_0;
    %cmpi/e 4096, 0, 32;
    %jmp/0xz  T_1.6, 4;
    %jmp T_1.7;
T_1.6 ;
    %vpi_call/w 4 43 "$error", "U-Type Test Failed: Expected Imm = %h, Got Imm = %h", 32'b00000000000000000000000100000000, v0x7fa34481f860_0 {0 0 0};
T_1.7 ;
    %pushi/vec4 5, 0, 3;
    %store/vec4 v0x7fa34481f9c0_0, 0, 3;
    %pushi/vec4 1082223, 0, 32;
    %store/vec4 v0x7fa34481f910_0, 0, 32;
    %delay 10000, 0;
    %load/vec4 v0x7fa34481f860_0;
    %cmpi/e 262152, 0, 32;
    %jmp/0xz  T_1.8, 4;
    %jmp T_1.9;
T_1.8 ;
    %vpi_call/w 4 50 "$error", "UJ-Type Test Failed: Expected Imm = %h, Got Imm = %h", 32'b00000000000001000000000000001000, v0x7fa34481f860_0 {0 0 0};
T_1.9 ;
    %vpi_call/w 4 53 "$finish" {0 0 0};
    %end;
    .thread T_1;
# The file index is used to find the file name in the following table.
:file_names 7;
    "N/A";
    "<interactive>";
    "-";
    "riscv_def.sv";
    "immgen_tb.sv";
    "immgen.sv";
    "./riscv_def.sv";
