#! /usr/local/Cellar/icarus-verilog/12.0/bin/vvp
:ivl_version "12.0 (stable)";
:ivl_delay_selection "TYPICAL";
:vpi_time_precision - 12;
:vpi_module "/usr/local/Cellar/icarus-verilog/12.0/lib/ivl/system.vpi";
:vpi_module "/usr/local/Cellar/icarus-verilog/12.0/lib/ivl/vhdl_sys.vpi";
:vpi_module "/usr/local/Cellar/icarus-verilog/12.0/lib/ivl/vhdl_textio.vpi";
:vpi_module "/usr/local/Cellar/icarus-verilog/12.0/lib/ivl/v2005_math.vpi";
:vpi_module "/usr/local/Cellar/icarus-verilog/12.0/lib/ivl/va_math.vpi";
:vpi_module "/usr/local/Cellar/icarus-verilog/12.0/lib/ivl/v2009.vpi";
S_0x7f8ede904df0 .scope package, "$unit" "$unit" 2 1;
 .timescale 0 0;
S_0x7f8ede904f60 .scope module, "pc_tb" "pc_tb" 3 3;
 .timescale -9 -12;
v0x7f8ede918960_0 .var "clk", 0 0;
v0x7f8ede918a00_0 .net "iout", 31 0, L_0x7f8ede918d80;  1 drivers
v0x7f8ede918ad0_0 .var "rst", 0 0;
S_0x7f8ede906b70 .scope module, "uut" "pc" 3 14, 4 1 0, S_0x7f8ede904f60;
 .timescale 0 0;
    .port_info 0 /INPUT 1 "clk";
    .port_info 1 /INPUT 1 "rst";
    .port_info 2 /OUTPUT 32 "iout";
v0x7f8ede918680_0 .net "clk", 0 0, v0x7f8ede918960_0;  1 drivers
v0x7f8ede918710_0 .net "iout", 31 0, L_0x7f8ede918d80;  alias, 1 drivers
v0x7f8ede9187c0_0 .var "pc", 31 0;
v0x7f8ede918890_0 .net "rst", 0 0, v0x7f8ede918ad0_0;  1 drivers
E_0x7f8ede907150 .event posedge, v0x7f8ede918890_0, v0x7f8ede918680_0;
S_0x7f8ede906ce0 .scope module, "imem" "imem" 4 20, 5 1 0, S_0x7f8ede906b70;
 .timescale -9 -12;
    .port_info 0 /INPUT 32 "addr";
    .port_info 1 /OUTPUT 32 "data";
L_0x7f8ede918d80 .functor BUFZ 32, L_0x7f8ede918b80, C4<00000000000000000000000000000000>, C4<00000000000000000000000000000000>, C4<00000000000000000000000000000000>;
v0x7f8ede908480_0 .net *"_ivl_0", 31 0, L_0x7f8ede918b80;  1 drivers
v0x7f8ede918350_0 .net *"_ivl_3", 29 0, L_0x7f8ede918c60;  1 drivers
v0x7f8ede918400_0 .net "addr", 31 0, v0x7f8ede9187c0_0;  1 drivers
v0x7f8ede9184c0_0 .net "data", 31 0, L_0x7f8ede918d80;  alias, 1 drivers
v0x7f8ede918570 .array "mem", 1023 0, 31 0;
L_0x7f8ede918b80 .array/port v0x7f8ede918570, L_0x7f8ede918c60;
L_0x7f8ede918c60 .part v0x7f8ede9187c0_0, 2, 30;
    .scope S_0x7f8ede906ce0;
T_0 ;
    %vpi_call/w 5 7 "$readmemb", "imem.txt", v0x7f8ede918570 {0 0 0};
    %end;
    .thread T_0;
    .scope S_0x7f8ede906b70;
T_1 ;
    %wait E_0x7f8ede907150;
    %load/vec4 v0x7f8ede918890_0;
    %flag_set/vec4 8;
    %jmp/0xz  T_1.0, 8;
    %pushi/vec4 0, 0, 32;
    %assign/vec4 v0x7f8ede9187c0_0, 0;
    %jmp T_1.1;
T_1.0 ;
    %load/vec4 v0x7f8ede9187c0_0;
    %addi 4, 0, 32;
    %assign/vec4 v0x7f8ede9187c0_0, 0;
T_1.1 ;
    %jmp T_1;
    .thread T_1;
    .scope S_0x7f8ede904f60;
T_2 ;
    %vpi_call/w 3 22 "$dumpfile", "pc.vcd" {0 0 0};
    %vpi_call/w 3 23 "$dumpvars", 32'sb00000000000000000000000000000000, S_0x7f8ede904f60 {0 0 0};
    %pushi/vec4 0, 0, 1;
    %store/vec4 v0x7f8ede918960_0, 0, 1;
T_2.0 ;
    %delay 5000, 0;
    %load/vec4 v0x7f8ede918960_0;
    %inv;
    %store/vec4 v0x7f8ede918960_0, 0, 1;
    %jmp T_2.0;
    %end;
    .thread T_2;
    .scope S_0x7f8ede904f60;
T_3 ;
    %pushi/vec4 1, 0, 1;
    %store/vec4 v0x7f8ede918ad0_0, 0, 1;
    %delay 10000, 0;
    %pushi/vec4 0, 0, 1;
    %store/vec4 v0x7f8ede918ad0_0, 0, 1;
    %vpi_call/w 3 45 "$finish" {0 0 0};
    %end;
    .thread T_3;
# The file index is used to find the file name in the following table.
:file_names 6;
    "N/A";
    "<interactive>";
    "-";
    "pc_tb.sv";
    "pc.sv";
    "imem.sv";
