#! /usr/local/Cellar/icarus-verilog/12.0/bin/vvp
:ivl_version "12.0 (stable)";
:ivl_delay_selection "TYPICAL";
:vpi_time_precision + 0;
:vpi_module "/usr/local/Cellar/icarus-verilog/12.0/lib/ivl/system.vpi";
:vpi_module "/usr/local/Cellar/icarus-verilog/12.0/lib/ivl/vhdl_sys.vpi";
:vpi_module "/usr/local/Cellar/icarus-verilog/12.0/lib/ivl/vhdl_textio.vpi";
:vpi_module "/usr/local/Cellar/icarus-verilog/12.0/lib/ivl/v2005_math.vpi";
:vpi_module "/usr/local/Cellar/icarus-verilog/12.0/lib/ivl/va_math.vpi";
:vpi_module "/usr/local/Cellar/icarus-verilog/12.0/lib/ivl/v2009.vpi";
S_0x7fcc7b104160 .scope package, "$unit" "$unit" 2 1;
 .timescale 0 0;
S_0x7fcc7b104300 .scope module, "tb" "tb" 3 1;
 .timescale 0 0;
v0x7fcc7b114940_0 .var "clk", 0 0;
L_0x7fcc70040008 .functor BUFT 1, C4<0>, C4<0>, C4<0>, C4<0>;
RS_0x7fcc70008068 .resolv tri, v0x7fcc7b114870_0, L_0x7fcc70040008;
v0x7fcc7b1149f0_0 .net8 "led", 0 0, RS_0x7fcc70008068;  2 drivers
S_0x7fcc7b104480 .scope module, "uut" "blinking_led" 3 6, 4 1 0, S_0x7fcc7b104300;
 .timescale 0 0;
    .port_info 0 /INPUT 1 "clk";
    .port_info 1 /OUTPUT 1 "led";
v0x7fcc7b104720_0 .net "clk", 0 0, v0x7fcc7b114940_0;  1 drivers
v0x7fcc7b1147d0_0 .var "cnt", 31 0;
v0x7fcc7b114870_0 .var "led", 0 0;
E_0x7fcc7b104670 .event anyedge, v0x7fcc7b1147d0_0;
E_0x7fcc7b1046d0 .event posedge, v0x7fcc7b104720_0;
    .scope S_0x7fcc7b104480;
T_0 ;
    %pushi/vec4 0, 0, 32;
    %store/vec4 v0x7fcc7b1147d0_0, 0, 32;
    %end;
    .thread T_0, $init;
    .scope S_0x7fcc7b104480;
T_1 ;
    %wait E_0x7fcc7b1046d0;
    %load/vec4 v0x7fcc7b1147d0_0;
    %addi 1, 0, 32;
    %assign/vec4 v0x7fcc7b1147d0_0, 0;
    %jmp T_1;
    .thread T_1;
    .scope S_0x7fcc7b104480;
T_2 ;
    %wait E_0x7fcc7b104670;
    %load/vec4 v0x7fcc7b1147d0_0;
    %cmpi/u 50, 0, 32;
    %jmp/0xz  T_2.0, 5;
    %pushi/vec4 0, 0, 1;
    %assign/vec4 v0x7fcc7b114870_0, 0;
    %jmp T_2.1;
T_2.0 ;
    %pushi/vec4 1, 0, 1;
    %assign/vec4 v0x7fcc7b114870_0, 0;
T_2.1 ;
    %jmp T_2;
    .thread T_2, $push;
    .scope S_0x7fcc7b104300;
T_3 ;
    %pushi/vec4 0, 0, 1;
    %store/vec4 v0x7fcc7b114940_0, 0, 1;
    %end;
    .thread T_3, $init;
    .scope S_0x7fcc7b104300;
T_4 ;
    %delay 5, 0;
    %load/vec4 v0x7fcc7b114940_0;
    %inv;
    %store/vec4 v0x7fcc7b114940_0, 0, 1;
    %jmp T_4;
    .thread T_4;
    .scope S_0x7fcc7b104300;
T_5 ;
    %vpi_call/w 3 18 "$dumpfile", "blinking_led.vcd" {0 0 0};
    %vpi_call/w 3 19 "$dumpvars", 32'sb00000000000000000000000000000000, S_0x7fcc7b104300 {0 0 0};
    %pushi/vec4 0, 0, 1;
    %store/vec4 v0x7fcc7b114940_0, 0, 1;
    %delay 100000, 0;
    %vpi_call/w 3 22 "$finish" {0 0 0};
    %end;
    .thread T_5;
# The file index is used to find the file name in the following table.
:file_names 5;
    "N/A";
    "<interactive>";
    "-";
    "blinking_led_tb.v";
    "blinking_led.v";
